{"C:\\Users\\home\\Documents\\proyectos\\django-vue\\Projecto1\\src\\App.vue": {"path":"C:\\Users\\home\\Documents\\proyectos\\django-vue\\Projecto1\\src\\App.vue","statementMap":{"0":{"start":{"line":23,"column":0},"end":{"line":null,"column":-1}}},"fnMap":{"0":{"name":"data","decl":{"start":{"line":23,"column":0},"end":{"line":null,"column":-1}},"loc":{"start":{"line":23,"column":0},"end":{"line":null,"column":-1}}}},"branchMap":{},"s":{"0":0},"f":{"0":0},"b":{}}
,"C:\\Users\\home\\Documents\\proyectos\\django-vue\\Projecto1\\src\\components\\HelloWorld.vue": {"path":"C:\\Users\\home\\Documents\\proyectos\\django-vue\\Projecto1\\src\\components\\HelloWorld.vue","statementMap":{"0":{"start":{"line":82,"column":0},"end":{"line":null,"column":-1}},"1":{"start":{"line":83,"column":0},"end":{"line":null,"column":-1}},"2":{"start":{"line":89,"column":0},"end":{"line":null,"column":-1}},"3":{"start":{"line":99,"column":0},"end":{"line":null,"column":-1}},"4":{"start":{"line":102,"column":0},"end":{"line":null,"column":-1}},"5":{"start":{"line":107,"column":0},"end":{"line":null,"column":-1}},"6":{"start":{"line":108,"column":0},"end":{"line":null,"column":-1}},"7":{"start":{"line":115,"column":0},"end":{"line":null,"column":-1}},"8":{"start":{"line":118,"column":0},"end":{"line":null,"column":-1}},"9":{"start":{"line":121,"column":0},"end":{"line":null,"column":-1}},"10":{"start":{"line":122,"column":0},"end":{"line":null,"column":-1}},"11":{"start":{"line":123,"column":0},"end":{"line":null,"column":-1}},"12":{"start":{"line":124,"column":0},"end":{"line":null,"column":-1}},"13":{"start":{"line":125,"column":0},"end":{"line":130,"column":0}},"14":{"start":{"line":126,"column":0},"end":{"line":null,"column":-1}},"15":{"start":{"line":129,"column":0},"end":{"line":null,"column":-1}},"16":{"start":{"line":133,"column":0},"end":{"line":null,"column":-1}},"17":{"start":{"line":135,"column":0},"end":{"line":147,"column":0}},"18":{"start":{"line":136,"column":0},"end":{"line":null,"column":-1}},"19":{"start":{"line":137,"column":0},"end":{"line":146,"column":0}},"20":{"start":{"line":138,"column":0},"end":{"line":null,"column":-1}},"21":{"start":{"line":141,"column":0},"end":{"line":145,"column":0}},"22":{"start":{"line":142,"column":0},"end":{"line":null,"column":-1}},"23":{"start":{"line":144,"column":0},"end":{"line":null,"column":-1}},"24":{"start":{"line":149,"column":0},"end":{"line":null,"column":-1}}},"fnMap":{"0":{"name":"data","decl":{"start":{"line":89,"column":0},"end":{"line":null,"column":-1}},"loc":{"start":{"line":89,"column":0},"end":{"line":null,"column":-1}}},"1":{"name":"(anonymous_3)","decl":{"start":{"line":98,"column":0},"end":{"line":null,"column":-1}},"loc":{"start":{"line":98,"column":0},"end":{"line":99,"column":0}}},"2":{"name":"(anonymous_4)","decl":{"start":{"line":101,"column":0},"end":{"line":null,"column":-1}},"loc":{"start":{"line":101,"column":0},"end":{"line":102,"column":0}}},"3":{"name":"required","decl":{"start":{"line":107,"column":0},"end":{"line":null,"column":-1}},"loc":{"start":{"line":107,"column":0},"end":{"line":null,"column":-1}}},"4":{"name":"min","decl":{"start":{"line":108,"column":0},"end":{"line":null,"column":-1}},"loc":{"start":{"line":108,"column":0},"end":{"line":null,"column":-1}}},"5":{"name":"validate","decl":{"start":{"line":114,"column":0},"end":{"line":null,"column":-1}},"loc":{"start":{"line":114,"column":0},"end":{"line":131,"column":0}}},"6":{"name":"(anonymous_8)","decl":{"start":{"line":125,"column":0},"end":{"line":null,"column":-1}},"loc":{"start":{"line":125,"column":0},"end":{"line":127,"column":0}}},"7":{"name":"(anonymous_9)","decl":{"start":{"line":127,"column":0},"end":{"line":null,"column":-1}},"loc":{"start":{"line":127,"column":0},"end":{"line":130,"column":0}}},"8":{"name":"getCookie","decl":{"start":{"line":132,"column":0},"end":{"line":null,"column":-1}},"loc":{"start":{"line":132,"column":0},"end":{"line":150,"column":0}}}},"branchMap":{"0":{"loc":{"start":{"line":99,"column":0},"end":{"line":null,"column":-1}},"type":"binary-expr","locations":[{"start":{"line":99,"column":0},"end":{"line":null,"column":-1}},{"start":{"line":99,"column":0},"end":{"line":null,"column":-1}}]},"1":{"loc":{"start":{"line":102,"column":0},"end":{"line":null,"column":-1}},"type":"binary-expr","locations":[{"start":{"line":102,"column":0},"end":{"line":null,"column":-1}},{"start":{"line":102,"column":0},"end":{"line":null,"column":-1}}]},"2":{"loc":{"start":{"line":107,"column":0},"end":{"line":null,"column":-1}},"type":"binary-expr","locations":[{"start":{"line":107,"column":0},"end":{"line":null,"column":-1}},{"start":{"line":107,"column":0},"end":{"line":null,"column":-1}}]},"3":{"loc":{"start":{"line":108,"column":0},"end":{"line":null,"column":-1}},"type":"binary-expr","locations":[{"start":{"line":108,"column":0},"end":{"line":null,"column":-1}},{"start":{"line":108,"column":0},"end":{"line":null,"column":-1}},{"start":{"line":108,"column":0},"end":{"line":null,"column":-1}}]},"4":{"loc":{"start":{"line":135,"column":0},"end":{"line":147,"column":0}},"type":"if","locations":[{"start":{"line":135,"column":0},"end":{"line":147,"column":0}},{"start":{"line":135,"column":0},"end":{"line":147,"column":0}}]},"5":{"loc":{"start":{"line":135,"column":0},"end":{"line":null,"column":-1}},"type":"binary-expr","locations":[{"start":{"line":135,"column":0},"end":{"line":null,"column":-1}},{"start":{"line":135,"column":0},"end":{"line":null,"column":-1}}]},"6":{"loc":{"start":{"line":141,"column":0},"end":{"line":145,"column":0}},"type":"if","locations":[{"start":{"line":141,"column":0},"end":{"line":145,"column":0}},{"start":{"line":141,"column":0},"end":{"line":145,"column":0}}]}},"s":{"0":0,"1":0,"2":0,"3":0,"4":0,"5":0,"6":0,"7":0,"8":0,"9":0,"10":0,"11":0,"12":0,"13":0,"14":0,"15":0,"16":0,"17":0,"18":0,"19":0,"20":0,"21":0,"22":0,"23":0,"24":0},"f":{"0":0,"1":0,"2":0,"3":0,"4":0,"5":0,"6":0,"7":0,"8":0},"b":{"0":[0,0],"1":[0,0],"2":[0,0],"3":[0,0,0],"4":[0,0],"5":[0,0],"6":[0,0]}}
,"C:\\Users\\home\\Documents\\proyectos\\django-vue\\Projecto1\\src\\components\\ListBook.vue": {"path":"C:\\Users\\home\\Documents\\proyectos\\django-vue\\Projecto1\\src\\components\\ListBook.vue","statementMap":{"0":{"start":{"line":22,"column":0},"end":{"line":null,"column":-1}},"1":{"start":{"line":25,"column":0},"end":{"line":null,"column":-1}},"2":{"start":{"line":36,"column":0},"end":{"line":null,"column":-1}},"3":{"start":{"line":37,"column":0},"end":{"line":null,"column":-1}},"4":{"start":{"line":38,"column":0},"end":{"line":43,"column":0}},"5":{"start":{"line":39,"column":0},"end":{"line":null,"column":-1}},"6":{"start":{"line":42,"column":0},"end":{"line":null,"column":-1}},"7":{"start":{"line":46,"column":0},"end":{"line":null,"column":-1}},"8":{"start":{"line":49,"column":0},"end":{"line":null,"column":-1}},"9":{"start":{"line":50,"column":0},"end":{"line":55,"column":0}},"10":{"start":{"line":54,"column":0},"end":{"line":null,"column":-1}},"11":{"start":{"line":59,"column":0},"end":{"line":null,"column":-1}}},"fnMap":{"0":{"name":"data","decl":{"start":{"line":24,"column":0},"end":{"line":null,"column":-1}},"loc":{"start":{"line":24,"column":0},"end":{"line":34,"column":0}}},"1":{"name":"getBooks","decl":{"start":{"line":36,"column":0},"end":{"line":null,"column":-1}},"loc":{"start":{"line":36,"column":0},"end":{"line":44,"column":0}}},"2":{"name":"(anonymous_4)","decl":{"start":{"line":38,"column":0},"end":{"line":null,"column":-1}},"loc":{"start":{"line":38,"column":0},"end":{"line":40,"column":0}}},"3":{"name":"(anonymous_5)","decl":{"start":{"line":40,"column":0},"end":{"line":null,"column":-1}},"loc":{"start":{"line":40,"column":0},"end":{"line":43,"column":0}}},"4":{"name":"editar","decl":{"start":{"line":45,"column":0},"end":{"line":null,"column":-1}},"loc":{"start":{"line":45,"column":0},"end":{"line":47,"column":0}}},"5":{"name":"adicionar","decl":{"start":{"line":48,"column":0},"end":{"line":null,"column":-1}},"loc":{"start":{"line":48,"column":0},"end":{"line":56,"column":0}}},"6":{"name":"(anonymous_8)","decl":{"start":{"line":50,"column":0},"end":{"line":null,"column":-1}},"loc":{"start":{"line":50,"column":0},"end":{"line":55,"column":0}}},"7":{"name":"created","decl":{"start":{"line":58,"column":0},"end":{"line":null,"column":-1}},"loc":{"start":{"line":58,"column":0},"end":{"line":60,"column":0}}}},"branchMap":{},"s":{"0":0,"1":0,"2":0,"3":0,"4":0,"5":0,"6":0,"7":0,"8":0,"9":0,"10":0,"11":0},"f":{"0":0,"1":0,"2":0,"3":0,"4":0,"5":0,"6":0,"7":0},"b":{}}
,"C:\\Users\\home\\Documents\\proyectos\\django-vue\\Projecto1\\src\\components\\Login.vue": {"path":"C:\\Users\\home\\Documents\\proyectos\\django-vue\\Projecto1\\src\\components\\Login.vue","statementMap":{"0":{"start":{"line":15,"column":0},"end":{"line":null,"column":-1}}},"fnMap":{"0":{"name":"data","decl":{"start":{"line":17,"column":0},"end":{"line":null,"column":-1}},"loc":{"start":{"line":17,"column":0},"end":{"line":null,"column":-1}}},"1":{"name":"created","decl":{"start":{"line":23,"column":0},"end":{"line":null,"column":-1}},"loc":{"start":{"line":23,"column":0},"end":{"line":null,"column":-1}}}},"branchMap":{},"s":{"0":0},"f":{"0":0,"1":0},"b":{}}
,"C:\\Users\\home\\Documents\\proyectos\\django-vue\\Projecto1\\src\\components\\Main.vue": {"path":"C:\\Users\\home\\Documents\\proyectos\\django-vue\\Projecto1\\src\\components\\Main.vue","statementMap":{"0":{"start":{"line":27,"column":0},"end":{"line":null,"column":-1}}},"fnMap":{"0":{"name":"data","decl":{"start":{"line":27,"column":0},"end":{"line":null,"column":-1}},"loc":{"start":{"line":27,"column":0},"end":{"line":null,"column":-1}}}},"branchMap":{},"s":{"0":0},"f":{"0":0},"b":{}}
,"C:\\Users\\home\\Documents\\proyectos\\django-vue\\Projecto1\\src\\plugins\\vuetify.js": {"path":"C:\\Users\\home\\Documents\\proyectos\\django-vue\\Projecto1\\src\\plugins\\vuetify.js","statementMap":{"0":{"start":{"line":1,"column":0},"end":{"line":null,"column":-1}},"1":{"start":{"line":2,"column":0},"end":{"line":null,"column":-1}}},"fnMap":{},"branchMap":{},"s":{"0":0,"1":0},"f":{},"b":{}}
,"C:\\Users\\home\\Documents\\proyectos\\django-vue\\Projecto1\\src\\views\\HomeView.vue": {"path":"C:\\Users\\home\\Documents\\proyectos\\django-vue\\Projecto1\\src\\views\\HomeView.vue","statementMap":{"0":{"start":{"line":6,"column":0},"end":{"line":null,"column":-1}}},"fnMap":{},"branchMap":{},"s":{"0":0},"f":{},"b":{}}
}
