TN:
SF:C:\Users\home\Documents\proyectos\django-vue\Projecto1\src\App.vue
FN:23,data
FNF:1
FNH:0
FNDA:0,data
DA:23,0
LF:1
LH:0
BRF:0
BRH:0
end_of_record
TN:
SF:C:\Users\home\Documents\proyectos\django-vue\Projecto1\src\components\HelloWorld.vue
FN:89,data
FN:98,(anonymous_3)
FN:101,(anonymous_4)
FN:107,required
FN:108,min
FN:114,validate
FN:125,(anonymous_8)
FN:127,(anonymous_9)
FN:132,getCookie
FNF:9
FNH:0
FNDA:0,data
FNDA:0,(anonymous_3)
FNDA:0,(anonymous_4)
FNDA:0,required
FNDA:0,min
FNDA:0,validate
FNDA:0,(anonymous_8)
FNDA:0,(anonymous_9)
FNDA:0,getCookie
DA:82,0
DA:83,0
DA:89,0
DA:99,0
DA:102,0
DA:107,0
DA:108,0
DA:115,0
DA:118,0
DA:121,0
DA:122,0
DA:123,0
DA:124,0
DA:125,0
DA:126,0
DA:129,0
DA:133,0
DA:135,0
DA:136,0
DA:137,0
DA:138,0
DA:141,0
DA:142,0
DA:144,0
DA:149,0
LF:25
LH:0
BRDA:99,0,0,0
BRDA:99,0,1,0
BRDA:102,1,0,0
BRDA:102,1,1,0
BRDA:107,2,0,0
BRDA:107,2,1,0
BRDA:108,3,0,0
BRDA:108,3,1,0
BRDA:108,3,2,0
BRDA:135,4,0,0
BRDA:135,4,1,0
BRDA:135,5,0,0
BRDA:135,5,1,0
BRDA:141,6,0,0
BRDA:141,6,1,0
BRF:15
BRH:0
end_of_record
TN:
SF:C:\Users\home\Documents\proyectos\django-vue\Projecto1\src\components\ListBook.vue
FN:24,data
FN:36,getBooks
FN:38,(anonymous_4)
FN:40,(anonymous_5)
FN:45,editar
FN:48,adicionar
FN:50,(anonymous_8)
FN:58,created
FNF:8
FNH:0
FNDA:0,data
FNDA:0,getBooks
FNDA:0,(anonymous_4)
FNDA:0,(anonymous_5)
FNDA:0,editar
FNDA:0,adicionar
FNDA:0,(anonymous_8)
FNDA:0,created
DA:22,0
DA:25,0
DA:36,0
DA:37,0
DA:38,0
DA:39,0
DA:42,0
DA:46,0
DA:49,0
DA:50,0
DA:54,0
DA:59,0
LF:12
LH:0
BRF:0
BRH:0
end_of_record
TN:
SF:C:\Users\home\Documents\proyectos\django-vue\Projecto1\src\components\Login.vue
FN:17,data
FN:23,created
FNF:2
FNH:0
FNDA:0,data
FNDA:0,created
DA:15,0
LF:1
LH:0
BRF:0
BRH:0
end_of_record
TN:
SF:C:\Users\home\Documents\proyectos\django-vue\Projecto1\src\components\Main.vue
FN:27,data
FNF:1
FNH:0
FNDA:0,data
DA:27,0
LF:1
LH:0
BRF:0
BRH:0
end_of_record
TN:
SF:C:\Users\home\Documents\proyectos\django-vue\Projecto1\src\plugins\vuetify.js
FNF:0
FNH:0
DA:1,0
DA:2,0
LF:2
LH:0
BRF:0
BRH:0
end_of_record
TN:
SF:C:\Users\home\Documents\proyectos\django-vue\Projecto1\src\views\HomeView.vue
FNF:0
FNH:0
DA:6,0
LF:1
LH:0
BRF:0
BRH:0
end_of_record
